<?xml version="1.0" encoding="UTF-8"?>
<!-- Generated by org.testng.reporters.JUnitReportReporter -->
<testsuite hostname="oliveresabelle" failures="0" tests="1" name="com.jahan.com.dallas.firstsetting_demo" time="19.272" errors="0" timestamp="2022-06-16T23:05:03 PDT" skipped="0">
  <testcase classname="com.jahan.com.dallas.firstsetting_demo" name="verifylogin" time="19.272"/>
  <system-out/>
</testsuite> <!-- com.jahan.com.dallas.firstsetting_demo -->
